#
# There is insufficient memory for the Java Runtime Environment to continue.
# Native memory allocation (mmap) failed to map 98566144 bytes for G1 virtual space
# Possible reasons:
#   The system is out of physical RAM or swap space
#   The process is running with CompressedOops enabled, and the Java Heap may be blocking the growth of the native heap
# Possible solutions:
#   Reduce memory load on the system
#   Increase physical memory or swap space
#   Check if swap backing store is full
#   Decrease Java heap size (-Xmx/-Xms)
#   Decrease number of Java threads
#   Decrease Java thread stack sizes (-Xss)
#   Set larger code cache with -XX:ReservedCodeCacheSize=
#   JVM is running with Unscaled Compressed Oops mode in which the Java heap is
#     placed in the first 4GB address space. The Java Heap base address is the
#     maximum limit for the native heap growth. Please use -XX:HeapBaseMinAddress
#     to set the Java Heap base and to place the Java Heap above 4GB virtual address.
# This output file may be truncated or incomplete.
#
#  Out of Memory Error (os_windows.cpp:3771), pid=1384, tid=8728
#
# JRE version: OpenJDK Runtime Environment (17.0.7) (build 17.0.7+0-b2043.56-10550314)
# Java VM: OpenJDK 64-Bit Server VM (17.0.7+0-b2043.56-10550314, mixed mode, tiered, compressed oops, compressed class ptrs, g1 gc, windows-amd64)
# No core dump will be written. Minidumps are not enabled by default on client versions of Windows
#

---------------  S U M M A R Y ------------

Command Line: --add-opens=java.base/java.util=ALL-UNNAMED --add-opens=java.base/java.lang=ALL-UNNAMED --add-opens=java.base/java.lang.invoke=ALL-UNNAMED --add-opens=java.prefs/java.util.prefs=ALL-UNNAMED --add-opens=java.base/java.nio.charset=ALL-UNNAMED --add-opens=java.base/java.net=ALL-UNNAMED --add-opens=java.base/java.util.concurrent.atomic=ALL-UNNAMED -Xmx2048m -Dfile.encoding=UTF-8 -Duser.country=PH -Duser.language=en -Duser.variant -javaagent:C:\Program Files\Android\gradle-8.2\wrapper\dists\gradle-8.2-bin\bbg7u40eoinfdyxsxr3z4i7ta\gradle-8.2\lib\agents\gradle-instrumentation-agent-8.2.jar org.gradle.launcher.daemon.bootstrap.GradleDaemon 8.2

Host: Intel(R) Pentium(R) CPU B940 @ 2.00GHz, 2 cores, 1G,  Windows 10 , 64 bit Build 19041 (10.0.19041.3636)
Time: Sat Jan  6 20:32:16 2024 Malay Peninsula Standard Time elapsed time: 199.098388 seconds (0d 0h 3m 19s)

---------------  T H R E A D  ---------------

Current thread (0x00000241b6df8eb0):  VMThread "VM Thread" [stack: 0x0000006f68000000,0x0000006f68100000] [id=8728]

Stack: [0x0000006f68000000,0x0000006f68100000]
Native frames: (J=compiled Java code, j=interpreted, Vv=VM code, C=native code)
V  [jvm.dll+0x683bfa]
V  [jvm.dll+0x8430a4]
V  [jvm.dll+0x8449be]
V  [jvm.dll+0x845023]
V  [jvm.dll+0x24ad2f]
V  [jvm.dll+0x680ac9]
V  [jvm.dll+0x67519a]
V  [jvm.dll+0x30b3cb]
V  [jvm.dll+0x312876]
V  [jvm.dll+0x36221e]
V  [jvm.dll+0x36244f]
V  [jvm.dll+0x2e14a8]
V  [jvm.dll+0x2df684]
V  [jvm.dll+0x2dec8c]
V  [jvm.dll+0x323b51]
V  [jvm.dll+0x8496eb]
V  [jvm.dll+0x84a424]
V  [jvm.dll+0x84a93d]
V  [jvm.dll+0x84ad14]
V  [jvm.dll+0x84ade0]
V  [jvm.dll+0x7f2aea]
V  [jvm.dll+0x682a35]
C  [ucrtbase.dll+0x21bb2]
C  [KERNEL32.DLL+0x17344]
C  [ntdll.dll+0x526b1]

VM_Operation (0x0000006f694f5d10): G1TryInitiateConcMark, mode: safepoint, requested by thread 0x00000241bb488050


---------------  P R O C E S S  ---------------

Threads class SMR info:
_java_thread_list=0x00000241bdd7e5a0, length=39, elements={
0x000002419dd4b630, 0x00000241b6e23020, 0x00000241b6e23da0, 0x00000241b6e52720,
0x00000241b6e550f0, 0x00000241b6e559b0, 0x00000241b6e56270, 0x00000241b6e56f10,
0x00000241bb1280e0, 0x00000241b6e597a0, 0x000002419ddf9240, 0x00000241bb2e29a0,
0x00000241bc580290, 0x00000241bbfef6b0, 0x00000241bbe37920, 0x00000241bd1f79a0,
0x00000241bc177330, 0x00000241bbc11ba0, 0x00000241bb488050, 0x00000241bbbb75b0,
0x00000241bbbb6c10, 0x00000241bbbb4a60, 0x00000241bbbb58d0, 0x00000241bbbb40c0,
0x00000241bbbb70e0, 0x00000241bbbb6740, 0x00000241bbbb4590, 0x00000241bbbb4f30,
0x00000241bbbb5da0, 0x00000241bbbb6270, 0x00000241bbb40b10, 0x00000241bbb427f0,
0x00000241bbb42cc0, 0x00000241bbb43b30, 0x00000241bbb444d0, 0x00000241bbb414b0,
0x00000241bbb41980, 0x00000241bbb44000, 0x00000241bbb40fe0
}

Java Threads: ( => current thread )
  0x000002419dd4b630 JavaThread "main" [_thread_blocked, id=7172, stack(0x0000006f67a00000,0x0000006f67b00000)]
  0x00000241b6e23020 JavaThread "Reference Handler" daemon [_thread_blocked, id=5964, stack(0x0000006f68100000,0x0000006f68200000)]
  0x00000241b6e23da0 JavaThread "Finalizer" daemon [_thread_blocked, id=6216, stack(0x0000006f68200000,0x0000006f68300000)]
  0x00000241b6e52720 JavaThread "Signal Dispatcher" daemon [_thread_blocked, id=7868, stack(0x0000006f68300000,0x0000006f68400000)]
  0x00000241b6e550f0 JavaThread "Attach Listener" daemon [_thread_blocked, id=8492, stack(0x0000006f68400000,0x0000006f68500000)]
  0x00000241b6e559b0 JavaThread "Service Thread" daemon [_thread_blocked, id=4920, stack(0x0000006f68500000,0x0000006f68600000)]
  0x00000241b6e56270 JavaThread "Monitor Deflation Thread" daemon [_thread_blocked, id=7584, stack(0x0000006f68600000,0x0000006f68700000)]
  0x00000241b6e56f10 JavaThread "C2 CompilerThread0" daemon [_thread_blocked, id=1480, stack(0x0000006f68700000,0x0000006f68800000)]
  0x00000241bb1280e0 JavaThread "C1 CompilerThread0" daemon [_thread_blocked, id=2320, stack(0x0000006f68800000,0x0000006f68900000)]
  0x00000241b6e597a0 JavaThread "Sweeper thread" daemon [_thread_blocked, id=8064, stack(0x0000006f68900000,0x0000006f68a00000)]
  0x000002419ddf9240 JavaThread "Common-Cleaner" daemon [_thread_blocked, id=5744, stack(0x0000006f68a00000,0x0000006f68b00000)]
  0x00000241bb2e29a0 JavaThread "Notification Thread" daemon [_thread_blocked, id=7808, stack(0x0000006f68b00000,0x0000006f68c00000)]
  0x00000241bc580290 JavaThread "Daemon health stats" [_thread_blocked, id=1808, stack(0x0000006f68e00000,0x0000006f68f00000)]
  0x00000241bbfef6b0 JavaThread "Incoming local TCP Connector on port 52019" [_thread_in_native, id=7984, stack(0x0000006f68f00000,0x0000006f69000000)]
  0x00000241bbe37920 JavaThread "Daemon periodic checks" [_thread_blocked, id=1656, stack(0x0000006f69000000,0x0000006f69100000)]
  0x00000241bd1f79a0 JavaThread "Daemon" [_thread_blocked, id=3004, stack(0x0000006f69100000,0x0000006f69200000)]
  0x00000241bc177330 JavaThread "Handler for socket connection from /127.0.0.1:52019 to /127.0.0.1:52023" [_thread_in_native, id=4176, stack(0x0000006f69200000,0x0000006f69300000)]
  0x00000241bbc11ba0 JavaThread "Cancel handler" [_thread_blocked, id=8060, stack(0x0000006f69300000,0x0000006f69400000)]
  0x00000241bb488050 JavaThread "Daemon worker" [_thread_blocked, id=5516, stack(0x0000006f69400000,0x0000006f69500000)]
  0x00000241bbbb75b0 JavaThread "Asynchronous log dispatcher for DefaultDaemonConnection: socket connection from /127.0.0.1:52019 to /127.0.0.1:52023" [_thread_blocked, id=8416, stack(0x0000006f69500000,0x0000006f69600000)]
  0x00000241bbbb6c10 JavaThread "Daemon client event forwarder" [_thread_blocked, id=6808, stack(0x0000006f69700000,0x0000006f69800000)]
  0x00000241bbbb4a60 JavaThread "Cache worker for journal cache (C:\Program Files\Android\gradle-8.2\caches\journal-1)" [_thread_blocked, id=7152, stack(0x0000006f69800000,0x0000006f69900000)]
  0x00000241bbbb58d0 JavaThread "File lock request listener" [_thread_in_native, id=6048, stack(0x0000006f69900000,0x0000006f69a00000)]
  0x00000241bbbb40c0 JavaThread "File lock release action executor" [_thread_blocked, id=8328, stack(0x0000006f69a00000,0x0000006f69b00000)]
  0x00000241bbbb70e0 JavaThread "Cache worker for file hash cache (C:\Program Files\Android\gradle-8.2\caches\8.2\fileHashes)" [_thread_blocked, id=8508, stack(0x0000006f69b00000,0x0000006f69c00000)]
  0x00000241bbbb6740 JavaThread "File watcher server" daemon [_thread_in_native, id=5232, stack(0x0000006f69c00000,0x0000006f69d00000)]
  0x00000241bbbb4590 JavaThread "File watcher consumer" daemon [_thread_blocked, id=8748, stack(0x0000006f69d00000,0x0000006f69e00000)]
  0x00000241bbbb4f30 JavaThread "jar transforms" [_thread_blocked, id=7540, stack(0x0000006f69e00000,0x0000006f69f00000)]
  0x00000241bbbb5da0 JavaThread "jar transforms Thread 2" [_thread_blocked, id=704, stack(0x0000006f69f00000,0x0000006f6a000000)]
  0x00000241bbbb6270 JavaThread "Cache worker for checksums cache (C:\Users\HP\AndroidStudioProjects\Activities\.gradle\8.2\checksums)" [_thread_blocked, id=8564, stack(0x0000006f6a200000,0x0000006f6a300000)]
  0x00000241bbb40b10 JavaThread "Cache worker for cache directory md-rule (C:\Program Files\Android\gradle-8.2\caches\8.2\md-rule)" [_thread_blocked, id=9152, stack(0x0000006f6a300000,0x0000006f6a400000)]
  0x00000241bbb427f0 JavaThread "Cache worker for file content cache (C:\Program Files\Android\gradle-8.2\caches\8.2\fileContent)" [_thread_blocked, id=8952, stack(0x0000006f6a400000,0x0000006f6a500000)]
  0x00000241bbb42cc0 JavaThread "Cache worker for file hash cache (C:\Users\HP\AndroidStudioProjects\Activities\.gradle\8.2\fileHashes)" [_thread_blocked, id=8808, stack(0x0000006f6a500000,0x0000006f6a600000)]
  0x00000241bbb43b30 JavaThread "Cache worker for cache directory md-supplier (C:\Program Files\Android\gradle-8.2\caches\8.2\md-supplier)" [_thread_blocked, id=8432, stack(0x0000006f6a600000,0x0000006f6a700000)]
  0x00000241bbb444d0 JavaThread "Cache worker for execution history cache (C:\Program Files\Android\gradle-8.2\caches\8.2\executionHistory)" [_thread_blocked, id=8908, stack(0x0000006f6a700000,0x0000006f6a800000)]
  0x00000241bbb414b0 JavaThread "Cache worker for kotlin-dsl (C:\Program Files\Android\gradle-8.2\caches\8.2\kotlin-dsl)" [_thread_blocked, id=4356, stack(0x0000006f67800000,0x0000006f67900000)]
  0x00000241bbb41980 JavaThread "Cache worker for dependencies-accessors (C:\Users\HP\AndroidStudioProjects\Activities\.gradle\8.2\dependencies-accessors)" [_thread_blocked, id=1680, stack(0x0000006f67900000,0x0000006f67a00000)]
  0x00000241bbb44000 JavaThread "Cache worker for Build Output Cleanup Cache (C:\Users\HP\AndroidStudioProjects\Activities\.gradle\buildOutputCleanup)" [_thread_blocked, id=5088, stack(0x0000006f69600000,0x0000006f69700000)]
  0x00000241bbb40fe0 JavaThread "Unconstrained build operations" [_thread_blocked, id=748, stack(0x0000006f6a000000,0x0000006f6a100000)]

Other Threads:
=>0x00000241b6df8eb0 VMThread "VM Thread" [stack: 0x0000006f68000000,0x0000006f68100000] [id=8728]
  0x00000241bb2e2e70 WatcherThread [stack: 0x0000006f68c00000,0x0000006f68d00000] [id=8404]
  0x000002419dda3f90 GCTaskThread "GC Thread#0" [stack: 0x0000006f67b00000,0x0000006f67c00000] [id=5540]
  0x00000241bb3dab60 GCTaskThread "GC Thread#1" [stack: 0x0000006f68d00000,0x0000006f68e00000] [id=8208]
  0x000002419ddb4de0 ConcurrentGCThread "G1 Main Marker" [stack: 0x0000006f67c00000,0x0000006f67d00000] [id=5728]
  0x000002419ddb6710 ConcurrentGCThread "G1 Conc#0" [stack: 0x0000006f67d00000,0x0000006f67e00000] [id=8500]
  0x000002419dde41b0 ConcurrentGCThread "G1 Refine#0" [stack: 0x0000006f67e00000,0x0000006f67f00000] [id=9136]
  0x000002419dde4ae0 ConcurrentGCThread "G1 Service" [stack: 0x0000006f67f00000,0x0000006f68000000] [id=8236]

Threads with active compile tasks:

VM state: at safepoint (normal execution)

VM Mutex/Monitor currently owned by a thread:  ([mutex/lock_event])
[0x000002419dd47210] Threads_lock - owner thread: 0x00000241b6df8eb0
[0x000002419dd47b10] Heap_lock - owner thread: 0x00000241bb488050

Heap address: 0x0000000080000000, size: 2048 MB, Compressed Oops mode: 32-bit

CDS archive(s) not mapped
Compressed class space mapped at: 0x0000000100000000-0x0000000140000000, reserved size: 1073741824
Narrow klass base: 0x0000000000000000, Narrow klass shift: 3, Narrow klass range: 0x140000000

GC Precious Log:
 CPUs: 2 total, 2 available
 Memory: 1952M
 Large Page Support: Disabled
 NUMA Support: Disabled
 Compressed Oops: Enabled (32-bit)
 Heap Region Size: 1M
 Heap Min Capacity: 8M
 Heap Initial Capacity: 32M
 Heap Max Capacity: 2G
 Pre-touch: Disabled
 Parallel Workers: 2
 Concurrent Workers: 1
 Concurrent Refinement Workers: 2
 Periodic GC: Disabled

Heap:
 garbage-first heap   total 126976K, used 77824K [0x0000000080000000, 0x0000000100000000)
  region size 1024K, 1 young (1024K), 1 survivors (1024K)
 Metaspace       used 58159K, committed 58816K, reserved 1114112K
  class space    used 7828K, committed 8128K, reserved 1048576K

Heap Regions: E=young(eden), S=young(survivor), O=old, HS=humongous(starts), HC=humongous(continues), CS=collection set, F=free, OA=open archive, CA=closed archive, TAMS=top-at-mark-start (previous, next)
|   0|0x0000000080000000, 0x0000000080100000, 0x0000000080100000|100%| O|  |TAMS 0x0000000080100000, 0x0000000080100000| Untracked 
|   1|0x0000000080100000, 0x0000000080200000, 0x0000000080200000|100%| O|  |TAMS 0x0000000080200000, 0x0000000080200000| Untracked 
|   2|0x0000000080200000, 0x0000000080300000, 0x0000000080300000|100%|HS|  |TAMS 0x0000000080300000, 0x0000000080300000| Complete 
|   3|0x0000000080300000, 0x0000000080400000, 0x0000000080400000|100%|HC|  |TAMS 0x0000000080400000, 0x0000000080400000| Complete 
|   4|0x0000000080400000, 0x0000000080500000, 0x0000000080500000|100%|HC|  |TAMS 0x0000000080500000, 0x0000000080500000| Complete 
|   5|0x0000000080500000, 0x0000000080600000, 0x0000000080600000|100%|HC|  |TAMS 0x0000000080600000, 0x0000000080600000| Complete 
|   6|0x0000000080600000, 0x0000000080700000, 0x0000000080700000|100%| O|  |TAMS 0x0000000080700000, 0x0000000080700000| Untracked 
|   7|0x0000000080700000, 0x0000000080800000, 0x0000000080800000|100%| O|  |TAMS 0x0000000080800000, 0x0000000080800000| Untracked 
|   8|0x0000000080800000, 0x0000000080900000, 0x0000000080900000|100%| O|  |TAMS 0x0000000080900000, 0x0000000080900000| Untracked 
|   9|0x0000000080900000, 0x0000000080a00000, 0x0000000080a00000|100%| O|  |TAMS 0x0000000080a00000, 0x0000000080a00000| Untracked 
|  10|0x0000000080a00000, 0x0000000080b00000, 0x0000000080b00000|100%| O|  |TAMS 0x0000000080b00000, 0x0000000080b00000| Untracked 
|  11|0x0000000080b00000, 0x0000000080c00000, 0x0000000080c00000|100%| O|  |TAMS 0x0000000080c00000, 0x0000000080c00000| Untracked 
|  12|0x0000000080c00000, 0x0000000080d00000, 0x0000000080d00000|100%| O|  |TAMS 0x0000000080d00000, 0x0000000080d00000| Untracked 
|  13|0x0000000080d00000, 0x0000000080e00000, 0x0000000080e00000|100%| O|  |TAMS 0x0000000080e00000, 0x0000000080e00000| Untracked 
|  14|0x0000000080e00000, 0x0000000080f00000, 0x0000000080f00000|100%| O|  |TAMS 0x0000000080f00000, 0x0000000080f00000| Untracked 
|  15|0x0000000080f00000, 0x0000000081000000, 0x0000000081000000|100%| O|  |TAMS 0x0000000081000000, 0x0000000081000000| Untracked 
|  16|0x0000000081000000, 0x0000000081100000, 0x0000000081100000|100%| O|  |TAMS 0x0000000081100000, 0x0000000081100000| Untracked 
|  17|0x0000000081100000, 0x0000000081200000, 0x0000000081200000|100%| O|  |TAMS 0x0000000081200000, 0x0000000081200000| Untracked 
|  18|0x0000000081200000, 0x0000000081300000, 0x0000000081300000|100%| O|  |TAMS 0x0000000081300000, 0x0000000081300000| Untracked 
|  19|0x0000000081300000, 0x0000000081400000, 0x0000000081400000|100%| O|  |TAMS 0x0000000081400000, 0x0000000081400000| Untracked 
|  20|0x0000000081400000, 0x0000000081500000, 0x0000000081500000|100%| O|  |TAMS 0x0000000081500000, 0x0000000081500000| Untracked 
|  21|0x0000000081500000, 0x0000000081600000, 0x0000000081600000|100%| O|  |TAMS 0x0000000081600000, 0x0000000081600000| Untracked 
|  22|0x0000000081600000, 0x0000000081700000, 0x0000000081700000|100%|HS|  |TAMS 0x0000000081700000, 0x0000000081700000| Complete 
|  23|0x0000000081700000, 0x0000000081800000, 0x0000000081800000|100%|HC|  |TAMS 0x0000000081800000, 0x0000000081800000| Complete 
|  24|0x0000000081800000, 0x0000000081900000, 0x0000000081900000|100%|HS|  |TAMS 0x0000000081900000, 0x0000000081900000| Complete 
|  25|0x0000000081900000, 0x0000000081a00000, 0x0000000081a00000|100%|HC|  |TAMS 0x0000000081a00000, 0x0000000081a00000| Complete 
|  26|0x0000000081a00000, 0x0000000081b00000, 0x0000000081b00000|100%|HC|  |TAMS 0x0000000081b00000, 0x0000000081b00000| Complete 
|  27|0x0000000081b00000, 0x0000000081c00000, 0x0000000081c00000|100%|HS|  |TAMS 0x0000000081c00000, 0x0000000081c00000| Complete 
|  28|0x0000000081c00000, 0x0000000081d00000, 0x0000000081d00000|100%|HC|  |TAMS 0x0000000081d00000, 0x0000000081d00000| Complete 
|  29|0x0000000081d00000, 0x0000000081e00000, 0x0000000081e00000|100%| O|  |TAMS 0x0000000081e00000, 0x0000000081e00000| Untracked 
|  30|0x0000000081e00000, 0x0000000081f00000, 0x0000000081f00000|100%|HS|  |TAMS 0x0000000081f00000, 0x0000000081f00000| Complete 
|  31|0x0000000081f00000, 0x0000000082000000, 0x0000000082000000|100%|HC|  |TAMS 0x0000000082000000, 0x0000000082000000| Complete 
|  32|0x0000000082000000, 0x0000000082100000, 0x0000000082100000|100%|HC|  |TAMS 0x0000000082100000, 0x0000000082100000| Complete 
|  33|0x0000000082100000, 0x0000000082200000, 0x0000000082200000|100%|HC|  |TAMS 0x0000000082200000, 0x0000000082200000| Complete 
|  34|0x0000000082200000, 0x0000000082300000, 0x0000000082300000|100%|HC|  |TAMS 0x0000000082300000, 0x0000000082300000| Complete 
|  35|0x0000000082300000, 0x0000000082400000, 0x0000000082400000|100%|HC|  |TAMS 0x0000000082400000, 0x0000000082400000| Complete 
|  36|0x0000000082400000, 0x0000000082500000, 0x0000000082500000|100%|HC|  |TAMS 0x0000000082500000, 0x0000000082500000| Complete 
|  37|0x0000000082500000, 0x0000000082600000, 0x0000000082600000|100%|HC|  |TAMS 0x0000000082600000, 0x0000000082600000| Complete 
|  38|0x0000000082600000, 0x0000000082700000, 0x0000000082700000|100%|HC|  |TAMS 0x0000000082700000, 0x0000000082700000| Complete 
|  39|0x0000000082700000, 0x0000000082800000, 0x0000000082800000|100%|HC|  |TAMS 0x0000000082800000, 0x0000000082800000| Complete 
|  40|0x0000000082800000, 0x0000000082900000, 0x0000000082900000|100%|HC|  |TAMS 0x0000000082900000, 0x0000000082900000| Complete 
|  41|0x0000000082900000, 0x0000000082a00000, 0x0000000082a00000|100%|HC|  |TAMS 0x0000000082a00000, 0x0000000082a00000| Complete 
|  42|0x0000000082a00000, 0x0000000082b00000, 0x0000000082b00000|100%| O|  |TAMS 0x0000000082b00000, 0x0000000082b00000| Untracked 
|  43|0x0000000082b00000, 0x0000000082c00000, 0x0000000082c00000|100%|HS|  |TAMS 0x0000000082c00000, 0x0000000082c00000| Complete 
|  44|0x0000000082c00000, 0x0000000082d00000, 0x0000000082d00000|100%|HC|  |TAMS 0x0000000082d00000, 0x0000000082d00000| Complete 
|  45|0x0000000082d00000, 0x0000000082e00000, 0x0000000082e00000|100%| O|  |TAMS 0x0000000082e00000, 0x0000000082e00000| Untracked 
|  46|0x0000000082e00000, 0x0000000082f00000, 0x0000000082f00000|100%| O|  |TAMS 0x0000000082f00000, 0x0000000082f00000| Untracked 
|  47|0x0000000082f00000, 0x0000000083000000, 0x0000000083000000|100%| O|  |TAMS 0x0000000082f00000, 0x0000000082f00000| Untracked 
|  48|0x0000000083000000, 0x0000000083100000, 0x0000000083100000|100%| O|  |TAMS 0x0000000083100000, 0x0000000083100000| Untracked 
|  49|0x0000000083100000, 0x0000000083200000, 0x0000000083200000|100%| O|  |TAMS 0x0000000083200000, 0x0000000083200000| Untracked 
|  50|0x0000000083200000, 0x0000000083300000, 0x0000000083300000|100%| O|  |TAMS 0x0000000083300000, 0x0000000083300000| Untracked 
|  51|0x0000000083300000, 0x0000000083400000, 0x0000000083400000|100%| O|  |TAMS 0x0000000083400000, 0x0000000083400000| Untracked 
|  52|0x0000000083400000, 0x0000000083500000, 0x0000000083500000|100%| O|  |TAMS 0x0000000083500000, 0x0000000083500000| Untracked 
|  53|0x0000000083500000, 0x0000000083600000, 0x0000000083600000|100%| O|  |TAMS 0x0000000083600000, 0x0000000083600000| Untracked 
|  54|0x0000000083600000, 0x0000000083700000, 0x0000000083700000|100%|HS|  |TAMS 0x0000000083700000, 0x0000000083700000| Complete 
|  55|0x0000000083700000, 0x0000000083800000, 0x0000000083800000|100%|HC|  |TAMS 0x0000000083800000, 0x0000000083800000| Complete 
|  56|0x0000000083800000, 0x0000000083900000, 0x0000000083900000|100%|HC|  |TAMS 0x0000000083900000, 0x0000000083900000| Complete 
|  57|0x0000000083900000, 0x0000000083a00000, 0x0000000083a00000|100%| O|  |TAMS 0x0000000083a00000, 0x0000000083a00000| Untracked 
|  58|0x0000000083a00000, 0x0000000083b00000, 0x0000000083b00000|100%| O|  |TAMS 0x0000000083b00000, 0x0000000083b00000| Untracked 
|  59|0x0000000083b00000, 0x0000000083c00000, 0x0000000083c00000|100%| O|  |TAMS 0x0000000083c00000, 0x0000000083c00000| Untracked 
|  60|0x0000000083c00000, 0x0000000083d00000, 0x0000000083d00000|100%| O|  |TAMS 0x0000000083d00000, 0x0000000083d00000| Untracked 
|  61|0x0000000083d00000, 0x0000000083e00000, 0x0000000083e00000|100%|HS|  |TAMS 0x0000000083d00000, 0x0000000083e00000| Complete 
|  62|0x0000000083e00000, 0x0000000083f00000, 0x0000000083f00000|100%| O|  |TAMS 0x0000000083f00000, 0x0000000083f00000| Untracked 
|  63|0x0000000083f00000, 0x0000000084000000, 0x0000000084000000|100%| O|  |TAMS 0x0000000084000000, 0x0000000084000000| Untracked 
|  64|0x0000000084000000, 0x0000000084100000, 0x0000000084100000|100%| O|  |TAMS 0x0000000084100000, 0x0000000084100000| Untracked 
|  65|0x0000000084100000, 0x0000000084200000, 0x0000000084200000|100%| O|  |TAMS 0x0000000084200000, 0x0000000084200000| Untracked 
|  66|0x0000000084200000, 0x0000000084300000, 0x0000000084300000|100%| O|  |TAMS 0x000000008429e600, 0x0000000084300000| Untracked 
|  67|0x0000000084300000, 0x0000000084400000, 0x0000000084400000|100%|HS|  |TAMS 0x0000000084300000, 0x0000000084400000| Complete 
|  68|0x0000000084400000, 0x0000000084500000, 0x0000000084500000|100%|HS|  |TAMS 0x0000000084400000, 0x0000000084500000| Complete 
|  69|0x0000000084500000, 0x0000000084600000, 0x0000000084600000|100%| O|  |TAMS 0x0000000084500000, 0x0000000084600000| Untracked 
|  70|0x0000000084600000, 0x0000000084700000, 0x0000000084700000|100%| O|  |TAMS 0x0000000084600000, 0x0000000084700000| Untracked 
|  71|0x0000000084700000, 0x0000000084800000, 0x0000000084800000|100%|HS|  |TAMS 0x0000000084700000, 0x0000000084800000| Complete 
|  72|0x0000000084800000, 0x0000000084900000, 0x0000000084900000|100%| O|  |TAMS 0x0000000084800000, 0x0000000084900000| Untracked 
|  73|0x0000000084900000, 0x0000000084a00000, 0x0000000084a00000|100%| O|  |TAMS 0x0000000084900000, 0x0000000084a00000| Untracked 
|  74|0x0000000084a00000, 0x0000000084b00000, 0x0000000084b00000|100%| O|  |TAMS 0x0000000084a00000, 0x0000000084ac1a00| Untracked 
|  75|0x0000000084b00000, 0x0000000084b00000, 0x0000000084c00000|  0%| F|  |TAMS 0x0000000084b00000, 0x0000000084b00000| Untracked 
|  76|0x0000000084c00000, 0x0000000084c00000, 0x0000000084d00000|  0%| F|  |TAMS 0x0000000084c00000, 0x0000000084c00000| Untracked 
|  77|0x0000000084d00000, 0x0000000084d00000, 0x0000000084e00000|  0%| F|  |TAMS 0x0000000084d00000, 0x0000000084d00000| Untracked 
|  78|0x0000000084e00000, 0x0000000084e00000, 0x0000000084f00000|  0%| F|  |TAMS 0x0000000084e00000, 0x0000000084e00000| Untracked 
|  79|0x0000000084f00000, 0x0000000084f00000, 0x0000000085000000|  0%| F|  |TAMS 0x0000000084f00000, 0x0000000084f00000| Untracked 
|  80|0x0000000085000000, 0x0000000085000000, 0x0000000085100000|  0%| F|  |TAMS 0x0000000085000000, 0x0000000085000000| Untracked 
|  81|0x0000000085100000, 0x0000000085100000, 0x0000000085200000|  0%| F|  |TAMS 0x0000000085100000, 0x0000000085100000| Untracked 
|  82|0x0000000085200000, 0x0000000085200000, 0x0000000085300000|  0%| F|  |TAMS 0x0000000085200000, 0x0000000085200000| Untracked 
|  83|0x0000000085300000, 0x0000000085300000, 0x0000000085400000|  0%| F|  |TAMS 0x0000000085300000, 0x0000000085300000| Untracked 
|  84|0x0000000085400000, 0x0000000085400000, 0x0000000085500000|  0%| F|  |TAMS 0x0000000085400000, 0x0000000085400000| Untracked 
|  85|0x0000000085500000, 0x0000000085500000, 0x0000000085600000|  0%| F|  |TAMS 0x0000000085500000, 0x0000000085500000| Untracked 
|  86|0x0000000085600000, 0x0000000085600000, 0x0000000085700000|  0%| F|  |TAMS 0x0000000085600000, 0x0000000085600000| Untracked 
|  87|0x0000000085700000, 0x0000000085700000, 0x0000000085800000|  0%| F|  |TAMS 0x0000000085700000, 0x0000000085700000| Untracked 
|  88|0x0000000085800000, 0x0000000085800000, 0x0000000085900000|  0%| F|  |TAMS 0x0000000085800000, 0x0000000085800000| Untracked 
|  89|0x0000000085900000, 0x0000000085900000, 0x0000000085a00000|  0%| F|  |TAMS 0x0000000085900000, 0x0000000085900000| Untracked 
|  90|0x0000000085a00000, 0x0000000085a00000, 0x0000000085b00000|  0%| F|  |TAMS 0x0000000085a00000, 0x0000000085a00000| Untracked 
|  91|0x0000000085b00000, 0x0000000085b00000, 0x0000000085c00000|  0%| F|  |TAMS 0x0000000085b00000, 0x0000000085b00000| Untracked 
|  92|0x0000000085c00000, 0x0000000085c00000, 0x0000000085d00000|  0%| F|  |TAMS 0x0000000085c00000, 0x0000000085c00000| Untracked 
|  93|0x0000000085d00000, 0x0000000085d00000, 0x0000000085e00000|  0%| F|  |TAMS 0x0000000085d00000, 0x0000000085d00000| Untracked 
|  94|0x0000000085e00000, 0x0000000085e00000, 0x0000000085f00000|  0%| F|  |TAMS 0x0000000085e00000, 0x0000000085e00000| Untracked 
|  95|0x0000000085f00000, 0x0000000085f00000, 0x0000000086000000|  0%| F|  |TAMS 0x0000000085f00000, 0x0000000085f00000| Untracked 
|  96|0x0000000086000000, 0x0000000086000000, 0x0000000086100000|  0%| F|  |TAMS 0x0000000086000000, 0x0000000086000000| Untracked 
|  97|0x0000000086100000, 0x0000000086100000, 0x0000000086200000|  0%| F|  |TAMS 0x0000000086100000, 0x0000000086100000| Untracked 
|  98|0x0000000086200000, 0x0000000086200000, 0x0000000086300000|  0%| F|  |TAMS 0x0000000086200000, 0x0000000086200000| Untracked 
|  99|0x0000000086300000, 0x0000000086300000, 0x0000000086400000|  0%| F|  |TAMS 0x0000000086300000, 0x0000000086300000| Untracked 
| 100|0x0000000086400000, 0x0000000086400000, 0x0000000086500000|  0%| F|  |TAMS 0x0000000086400000, 0x0000000086400000| Untracked 
| 101|0x0000000086500000, 0x0000000086500000, 0x0000000086600000|  0%| F|  |TAMS 0x0000000086500000, 0x0000000086500000| Untracked 
| 102|0x0000000086600000, 0x0000000086600000, 0x0000000086700000|  0%| F|  |TAMS 0x0000000086600000, 0x0000000086600000| Untracked 
| 103|0x0000000086700000, 0x0000000086700000, 0x0000000086800000|  0%| F|  |TAMS 0x0000000086700000, 0x0000000086700000| Untracked 
| 104|0x0000000086800000, 0x0000000086800000, 0x0000000086900000|  0%| F|  |TAMS 0x0000000086800000, 0x0000000086800000| Untracked 
| 105|0x0000000086900000, 0x0000000086900000, 0x0000000086a00000|  0%| F|  |TAMS 0x0000000086900000, 0x0000000086900000| Untracked 
| 106|0x0000000086a00000, 0x0000000086a00000, 0x0000000086b00000|  0%| F|  |TAMS 0x0000000086a00000, 0x0000000086a00000| Untracked 
| 107|0x0000000086b00000, 0x0000000086b00000, 0x0000000086c00000|  0%| F|  |TAMS 0x0000000086b00000, 0x0000000086b00000| Untracked 
| 108|0x0000000086c00000, 0x0000000086c00000, 0x0000000086d00000|  0%| F|  |TAMS 0x0000000086c00000, 0x0000000086c00000| Untracked 
| 109|0x0000000086d00000, 0x0000000086d00000, 0x0000000086e00000|  0%| F|  |TAMS 0x0000000086d00000, 0x0000000086d00000| Untracked 
| 110|0x0000000086e00000, 0x0000000086e00000, 0x0000000086f00000|  0%| F|  |TAMS 0x0000000086e00000, 0x0000000086e00000| Untracked 
| 111|0x0000000086f00000, 0x0000000086f00000, 0x0000000087000000|  0%| F|  |TAMS 0x0000000086f00000, 0x0000000086f00000| Untracked 
| 112|0x0000000087000000, 0x0000000087000000, 0x0000000087100000|  0%| F|  |TAMS 0x0000000087000000, 0x0000000087000000| Untracked 
| 113|0x0000000087100000, 0x0000000087100000, 0x0000000087200000|  0%| F|  |TAMS 0x0000000087100000, 0x0000000087100000| Untracked 
| 114|0x0000000087200000, 0x0000000087200000, 0x0000000087300000|  0%| F|  |TAMS 0x0000000087200000, 0x0000000087200000| Untracked 
| 115|0x0000000087300000, 0x0000000087300000, 0x0000000087400000|  0%| F|  |TAMS 0x0000000087300000, 0x0000000087300000| Untracked 
| 116|0x0000000087400000, 0x0000000087400000, 0x0000000087500000|  0%| F|  |TAMS 0x0000000087400000, 0x0000000087400000| Untracked 
| 117|0x0000000087500000, 0x0000000087500000, 0x0000000087600000|  0%| F|  |TAMS 0x0000000087500000, 0x0000000087500000| Untracked 
| 118|0x0000000087600000, 0x0000000087600000, 0x0000000087700000|  0%| F|  |TAMS 0x0000000087600000, 0x0000000087600000| Untracked 
| 119|0x0000000087700000, 0x0000000087700000, 0x0000000087800000|  0%| F|  |TAMS 0x0000000087700000, 0x0000000087700000| Untracked 
| 120|0x0000000087800000, 0x0000000087900000, 0x0000000087900000|100%| S|CS|TAMS 0x0000000087800000, 0x0000000087800000| Complete 
| 121|0x0000000087900000, 0x0000000087900000, 0x0000000087a00000|  0%| F|  |TAMS 0x0000000087900000, 0x0000000087900000| Untracked 
| 122|0x0000000087a00000, 0x0000000087a00000, 0x0000000087b00000|  0%| F|  |TAMS 0x0000000087a00000, 0x0000000087a00000| Untracked 
| 123|0x0000000087b00000, 0x0000000087b00000, 0x0000000087c00000|  0%| F|  |TAMS 0x0000000087b00000, 0x0000000087b00000| Untracked 

Card table byte_map: [0x00000241b0230000,0x00000241b0630000] _byte_map_base: 0x00000241afe30000

Marking Bits (Prev, Next): (CMBitMap*) 0x000002419dda44b0, (CMBitMap*) 0x000002419dda44f0
 Prev Bits: [0x00000241b0a30000, 0x00000241b2a30000)
 Next Bits: [0x00000241b2a30000, 0x00000241b4a30000)

Polling page: 0x000002419bb50000

Metaspace:

Usage:
  Non-class:     49.15 MB used.
      Class:      7.65 MB used.
       Both:     56.80 MB used.

Virtual space:
  Non-class space:       64.00 MB reserved,      49.50 MB ( 77%) committed,  1 nodes.
      Class space:        1.00 GB reserved,       7.94 MB ( <1%) committed,  1 nodes.
             Both:        1.06 GB reserved,      57.44 MB (  5%) committed. 

Chunk freelists:
   Non-Class:  14.52 MB
       Class:  8.02 MB
        Both:  22.53 MB

MaxMetaspaceSize: unlimited
CompressedClassSpaceSize: 1.00 GB
Initial GC threshold: 21.00 MB
Current GC threshold: 95.25 MB
CDS: off
MetaspaceReclaimPolicy: balanced
 - commit_granule_bytes: 65536.
 - commit_granule_words: 8192.
 - virtual_space_node_default_size: 8388608.
 - enlarge_chunks_in_place: 1.
 - new_chunks_are_fully_committed: 0.
 - uncommit_free_chunks: 1.
 - use_allocation_guard: 0.
 - handle_deallocations: 1.


Internal statistics:

num_allocs_failed_limit: 0.
num_arena_births: 714.
num_arena_deaths: 0.
num_vsnodes_births: 2.
num_vsnodes_deaths: 0.
num_space_committed: 919.
num_space_uncommitted: 0.
num_chunks_returned_to_freelist: 0.
num_chunks_taken_from_freelist: 2705.
num_chunk_merges: 0.
num_chunk_splits: 1735.
num_chunks_enlarged: 1154.
num_inconsistent_stats: 0.

CodeHeap 'non-profiled nmethods': size=120064Kb used=3117Kb max_used=3151Kb free=116946Kb
 bounds [0x00000241a8cf0000, 0x00000241a9010000, 0x00000241b0230000]
CodeHeap 'profiled nmethods': size=120000Kb used=11580Kb max_used=11580Kb free=108419Kb
 bounds [0x00000241a1230000, 0x00000241a1d80000, 0x00000241a8760000]
CodeHeap 'non-nmethods': size=5696Kb used=2319Kb max_used=2342Kb free=3376Kb
 bounds [0x00000241a8760000, 0x00000241a89d0000, 0x00000241a8cf0000]
 total_blobs=6851 nmethods=6008 adapters=756
 compilation: enabled
              stopped_count=0, restarted_count=0
 full_count=0

Compilation events (20 events):
Event: 197.702 Thread 0x00000241bb1280e0 6809       3       jdk.internal.loader.URLClassPath$JarLoader::getJarFile (102 bytes)
Event: 197.703 Thread 0x00000241bb1280e0 nmethod 6809 0x00000241a1d79290 code [0x00000241a1d79560, 0x00000241a1d7a228]
Event: 197.703 Thread 0x00000241bb1280e0 6810       3       jdk.internal.loader.URLClassPath$JarLoader::isOptimizable (10 bytes)
Event: 197.703 Thread 0x00000241bb1280e0 nmethod 6810 0x00000241a1d7a710 code [0x00000241a1d7a8c0, 0x00000241a1d7aa28]
Event: 197.703 Thread 0x00000241bb1280e0 6811       3       jdk.internal.loader.FileURLMapper::<init> (10 bytes)
Event: 197.704 Thread 0x00000241bb1280e0 nmethod 6811 0x00000241a1d7ab10 code [0x00000241a1d7aca0, 0x00000241a1d7ae58]
Event: 197.704 Thread 0x00000241bb1280e0 6813       3       jdk.internal.loader.URLClassPath$JarLoader::<init> (67 bytes)
Event: 197.705 Thread 0x00000241bb1280e0 nmethod 6813 0x00000241a1d7af10 code [0x00000241a1d7b1a0, 0x00000241a1d7bd98]
Event: 197.731 Thread 0x00000241bb1280e0 6814       3       sun.nio.fs.WindowsFileSystemProvider::readAttributes (63 bytes)
Event: 197.735 Thread 0x00000241bb1280e0 nmethod 6814 0x00000241a1d7c210 code [0x00000241a1d7c420, 0x00000241a1d7ca38]
Event: 197.735 Thread 0x00000241bb1280e0 6815       3       sun.nio.fs.WindowsFileAttributeViews$Basic::readAttributes (5 bytes)
Event: 197.754 Thread 0x00000241bb1280e0 nmethod 6815 0x00000241a1d7cc10 code [0x00000241a1d7ce20, 0x00000241a1d7d448]
Event: 197.994 Thread 0x00000241bb1280e0 6816   !   3       java.util.zip.ZipFile$Source::get (190 bytes)
Event: 198.009 Thread 0x00000241bb1280e0 nmethod 6816 0x00000241a1d7d690 code [0x00000241a1d7d9a0, 0x00000241a1d7ee58]
Event: 198.170 Thread 0x00000241bb1280e0 6817       3       com.google.common.collect.MapMakerInternalMap$StrongKeyWeakValueEntry::getValue (10 bytes)
Event: 198.170 Thread 0x00000241bb1280e0 nmethod 6817 0x00000241a1d7f790 code [0x00000241a1d7f940, 0x00000241a1d7fb08]
Event: 198.795 Thread 0x00000241b6e56f10 6818       4       java.util.concurrent.locks.AbstractQueuedSynchronizer$ConditionObject::awaitNanos (200 bytes)
Event: 198.833 Thread 0x00000241b6e56f10 nmethod 6818 0x00000241a8e81090 code [0x00000241a8e81280, 0x00000241a8e81f28]
Event: 198.867 Thread 0x00000241b6e56f10 6819       4       java.security.SecureClassLoader$CodeSourceKey::hashCode (21 bytes)
Event: 198.874 Thread 0x00000241b6e56f10 nmethod 6819 0x00000241a8e31190 code [0x00000241a8e31320, 0x00000241a8e31568]

GC Heap History (20 events):
Event: 113.150 GC heap after
{Heap after GC invocations=51 (full 0):
 garbage-first heap   total 109568K, used 63780K [0x0000000080000000, 0x0000000100000000)
  region size 1024K, 1 young (1024K), 1 survivors (1024K)
 Metaspace       used 48560K, committed 49024K, reserved 1114112K
  class space    used 6431K, committed 6656K, reserved 1048576K
}
Event: 129.646 GC heap before
{Heap before GC invocations=52 (full 0):
 garbage-first heap   total 109568K, used 88356K [0x0000000080000000, 0x0000000100000000)
  region size 1024K, 24 young (24576K), 1 survivors (1024K)
 Metaspace       used 51046K, committed 51584K, reserved 1114112K
  class space    used 6690K, committed 6912K, reserved 1048576K
}
Event: 129.957 GC heap after
{Heap after GC invocations=53 (full 0):
 garbage-first heap   total 109568K, used 64137K [0x0000000080000000, 0x0000000100000000)
  region size 1024K, 3 young (3072K), 3 survivors (3072K)
 Metaspace       used 51046K, committed 51584K, reserved 1114112K
  class space    used 6690K, committed 6912K, reserved 1048576K
}
Event: 144.440 GC heap before
{Heap before GC invocations=53 (full 0):
 garbage-first heap   total 109568K, used 87689K [0x0000000080000000, 0x0000000100000000)
  region size 1024K, 26 young (26624K), 3 survivors (3072K)
 Metaspace       used 52483K, committed 53056K, reserved 1114112K
  class space    used 6961K, committed 7232K, reserved 1048576K
}
Event: 144.891 GC heap after
{Heap after GC invocations=54 (full 0):
 garbage-first heap   total 109568K, used 65200K [0x0000000080000000, 0x0000000100000000)
  region size 1024K, 3 young (3072K), 3 survivors (3072K)
 Metaspace       used 52483K, committed 53056K, reserved 1114112K
  class space    used 6961K, committed 7232K, reserved 1048576K
}
Event: 155.809 GC heap before
{Heap before GC invocations=55 (full 0):
 garbage-first heap   total 112640K, used 85680K [0x0000000080000000, 0x0000000100000000)
  region size 1024K, 23 young (23552K), 3 survivors (3072K)
 Metaspace       used 54415K, committed 54976K, reserved 1114112K
  class space    used 7293K, committed 7552K, reserved 1048576K
}
Event: 155.886 GC heap after
{Heap after GC invocations=56 (full 0):
 garbage-first heap   total 112640K, used 66581K [0x0000000080000000, 0x0000000100000000)
  region size 1024K, 3 young (3072K), 3 survivors (3072K)
 Metaspace       used 54415K, committed 54976K, reserved 1114112K
  class space    used 7293K, committed 7552K, reserved 1048576K
}
Event: 172.236 GC heap before
{Heap before GC invocations=56 (full 0):
 garbage-first heap   total 112640K, used 92181K [0x0000000080000000, 0x0000000100000000)
  region size 1024K, 29 young (29696K), 3 survivors (3072K)
 Metaspace       used 57117K, committed 57792K, reserved 1114112K
  class space    used 7725K, committed 8000K, reserved 1048576K
}
Event: 173.087 GC heap after
{Heap after GC invocations=57 (full 0):
 garbage-first heap   total 112640K, used 67670K [0x0000000080000000, 0x0000000100000000)
  region size 1024K, 3 young (3072K), 3 survivors (3072K)
 Metaspace       used 57117K, committed 57792K, reserved 1114112K
  class space    used 7725K, committed 8000K, reserved 1048576K
}
Event: 175.283 GC heap before
{Heap before GC invocations=58 (full 0):
 garbage-first heap   total 116736K, used 69718K [0x0000000080000000, 0x0000000100000000)
  region size 1024K, 5 young (5120K), 3 survivors (3072K)
 Metaspace       used 57171K, committed 57856K, reserved 1114112K
  class space    used 7728K, committed 8064K, reserved 1048576K
}
Event: 175.312 GC heap after
{Heap after GC invocations=59 (full 0):
 garbage-first heap   total 116736K, used 68159K [0x0000000080000000, 0x0000000100000000)
  region size 1024K, 1 young (1024K), 1 survivors (1024K)
 Metaspace       used 57171K, committed 57856K, reserved 1114112K
  class space    used 7728K, committed 8064K, reserved 1048576K
}
Event: 177.171 GC heap before
{Heap before GC invocations=59 (full 0):
 garbage-first heap   total 116736K, used 72255K [0x0000000080000000, 0x0000000100000000)
  region size 1024K, 5 young (5120K), 1 survivors (1024K)
 Metaspace       used 57248K, committed 57920K, reserved 1114112K
  class space    used 7729K, committed 8064K, reserved 1048576K
}
Event: 177.185 GC heap after
{Heap after GC invocations=60 (full 0):
 garbage-first heap   total 116736K, used 68016K [0x0000000080000000, 0x0000000100000000)
  region size 1024K, 1 young (1024K), 1 survivors (1024K)
 Metaspace       used 57248K, committed 57920K, reserved 1114112K
  class space    used 7729K, committed 8064K, reserved 1048576K
}
Event: 193.664 GC heap before
{Heap before GC invocations=60 (full 0):
 garbage-first heap   total 116736K, used 89520K [0x0000000080000000, 0x0000000100000000)
  region size 1024K, 24 young (24576K), 1 survivors (1024K)
 Metaspace       used 57818K, committed 58496K, reserved 1114112K
  class space    used 7770K, committed 8064K, reserved 1048576K
}
Event: 194.686 GC heap after
{Heap after GC invocations=61 (full 0):
 garbage-first heap   total 116736K, used 69613K [0x0000000080000000, 0x0000000100000000)
  region size 1024K, 3 young (3072K), 3 survivors (3072K)
 Metaspace       used 57818K, committed 58496K, reserved 1114112K
  class space    used 7770K, committed 8064K, reserved 1048576K
}
Event: 197.528 GC heap before
{Heap before GC invocations=62 (full 0):
 garbage-first heap   total 126976K, used 73709K [0x0000000080000000, 0x0000000100000000)
  region size 1024K, 5 young (5120K), 3 survivors (3072K)
 Metaspace       used 57866K, committed 58560K, reserved 1114112K
  class space    used 7776K, committed 8064K, reserved 1048576K
}
Event: 197.581 GC heap after
{Heap after GC invocations=63 (full 0):
 garbage-first heap   total 126976K, used 73728K [0x0000000080000000, 0x0000000100000000)
  region size 1024K, 1 young (1024K), 1 survivors (1024K)
 Metaspace       used 57866K, committed 58560K, reserved 1114112K
  class space    used 7776K, committed 8064K, reserved 1048576K
}
Event: 198.629 GC heap before
{Heap before GC invocations=63 (full 0):
 garbage-first heap   total 126976K, used 78848K [0x0000000080000000, 0x0000000100000000)
  region size 1024K, 6 young (6144K), 1 survivors (1024K)
 Metaspace       used 58024K, committed 58688K, reserved 1114112K
  class space    used 7805K, committed 8128K, reserved 1048576K
}
Event: 198.672 GC heap after
{Heap after GC invocations=64 (full 0):
 garbage-first heap   total 126976K, used 76550K [0x0000000080000000, 0x0000000100000000)
  region size 1024K, 1 young (1024K), 1 survivors (1024K)
 Metaspace       used 58024K, committed 58688K, reserved 1114112K
  class space    used 7805K, committed 8128K, reserved 1048576K
}
Event: 198.997 GC heap before
{Heap before GC invocations=64 (full 0):
 garbage-first heap   total 126976K, used 78598K [0x0000000080000000, 0x0000000100000000)
  region size 1024K, 4 young (4096K), 1 survivors (1024K)
 Metaspace       used 58159K, committed 58816K, reserved 1114112K
  class space    used 7828K, committed 8128K, reserved 1048576K
}

Dll operation events (3 events):
Event: 0.160 Loaded shared library C:\Program Files\Android\Android Studio\jbr\bin\java.dll
Event: 2.038 Loaded shared library C:\Program Files\Android\Android Studio\jbr\bin\zip.dll
Event: 5.509 Loaded shared library C:\Program Files\Android\Android Studio\jbr\bin\verify.dll

Deoptimization events (20 events):
Event: 192.889 Thread 0x00000241bb488050 DEOPT PACKING pc=0x00000241a8f485ac sp=0x0000006f694f8dc0
Event: 192.889 Thread 0x00000241bb488050 DEOPT UNPACKING pc=0x00000241a87b699d sp=0x0000006f694f8d38 mode 2
Event: 193.382 Thread 0x00000241bb488050 Uncommon trap: trap_request=0xfffffff4 fr.pc=0x00000241a8f01dc0 relative=0x00000000000006e0
Event: 193.382 Thread 0x00000241bb488050 Uncommon trap: reason=null_check action=make_not_entrant pc=0x00000241a8f01dc0 method=org.gradle.util.internal.SimpleMapInterner.intern(Ljava/lang/Object;)Ljava/lang/Object; @ 2 c2
Event: 193.382 Thread 0x00000241bb488050 DEOPT PACKING pc=0x00000241a8f01dc0 sp=0x0000006f694f88f0
Event: 193.382 Thread 0x00000241bb488050 DEOPT UNPACKING pc=0x00000241a87b699d sp=0x0000006f694f88b8 mode 2
Event: 193.382 Thread 0x00000241bb488050 Uncommon trap: trap_request=0xffffff45 fr.pc=0x00000241a8f565b0 relative=0x00000000000006d0
Event: 193.382 Thread 0x00000241bb488050 Uncommon trap: reason=unstable_if action=reinterpret pc=0x00000241a8f565b0 method=org.gradle.util.internal.SimpleMapInterner.intern(Ljava/lang/String;)Ljava/lang/String; @ 1 c2
Event: 193.382 Thread 0x00000241bb488050 DEOPT PACKING pc=0x00000241a8f565b0 sp=0x0000006f694f8880
Event: 193.383 Thread 0x00000241bb488050 DEOPT UNPACKING pc=0x00000241a87b699d sp=0x0000006f694f8848 mode 2
Event: 193.456 Thread 0x00000241bb488050 Uncommon trap: trap_request=0xffffffc6 fr.pc=0x00000241a8e59060 relative=0x0000000000000220
Event: 193.456 Thread 0x00000241bb488050 Uncommon trap: reason=bimorphic_or_optimized_type_check action=maybe_recompile pc=0x00000241a8e59060 method=com.google.common.base.CharMatcher.indexIn(Ljava/lang/CharSequence;I)I @ 31 c2
Event: 193.456 Thread 0x00000241bb488050 DEOPT PACKING pc=0x00000241a8e59060 sp=0x0000006f694f8e00
Event: 193.456 Thread 0x00000241bb488050 DEOPT UNPACKING pc=0x00000241a87b699d sp=0x0000006f694f8da8 mode 2
Event: 194.728 Thread 0x00000241bb488050 DEOPT PACKING pc=0x00000241a180f0e9 sp=0x0000006f694f7f70
Event: 194.728 Thread 0x00000241bb488050 DEOPT UNPACKING pc=0x00000241a87b7124 sp=0x0000006f694f7500 mode 0
Event: 194.959 Thread 0x00000241bb488050 DEOPT PACKING pc=0x00000241a180f0e9 sp=0x0000006f694f7930
Event: 194.959 Thread 0x00000241bb488050 DEOPT UNPACKING pc=0x00000241a87b7124 sp=0x0000006f694f6ec0 mode 0
Event: 195.995 Thread 0x00000241bb488050 DEOPT PACKING pc=0x00000241a180f0e9 sp=0x0000006f694f5470
Event: 195.995 Thread 0x00000241bb488050 DEOPT UNPACKING pc=0x00000241a87b7124 sp=0x0000006f694f49f0 mode 0

Classes unloaded (0 events):
No events

Classes redefined (0 events):
No events

Internal exceptions (20 events):
Event: 149.728 Thread 0x00000241bb488050 Exception <a 'java/lang/ClassNotFoundException'{0x0000000086982720}: org/jetbrains/plugins/gradle/model/scala/ScalaModelBeanInfo> (0x0000000086982720) 
thrown [s\src\hotspot\share\classfile\systemDictionary.cpp, line 256]
Event: 149.733 Thread 0x00000241bb488050 Exception <a 'java/lang/ClassNotFoundException'{0x000000008698ac68}: org/jetbrains/plugins/gradle/model/scala/ScalaModelCustomizer> (0x000000008698ac68) 
thrown [s\src\hotspot\share\classfile\systemDictionary.cpp, line 256]
Event: 149.863 Thread 0x00000241bb488050 Exception <a 'java/lang/ClassNotFoundException'{0x00000000869c6200}: org/jetbrains/plugins/gradle/model/DependencyAccessorsModelBeanInfo> (0x00000000869c6200) 
thrown [s\src\hotspot\share\classfile\systemDictionary.cpp, line 256]
Event: 149.866 Thread 0x00000241bb488050 Exception <a 'java/lang/ClassNotFoundException'{0x00000000869ce810}: org/jetbrains/plugins/gradle/model/DependencyAccessorsModelCustomizer> (0x00000000869ce810) 
thrown [s\src\hotspot\share\classfile\systemDictionary.cpp, line 256]
Event: 152.531 Thread 0x00000241bb488050 Exception <a 'java/lang/ClassNotFoundException'{0x00000000861c95c8}: org/gradle/api/internal/project/DefaultProject_DecoratedBeanInfo> (0x00000000861c95c8) 
thrown [s\src\hotspot\share\classfile\systemDictionary.cpp, line 256]
Event: 152.532 Thread 0x00000241bb488050 Exception <a 'java/lang/ClassNotFoundException'{0x00000000861d6500}: org/gradle/api/internal/project/DefaultProjectBeanInfo> (0x00000000861d6500) 
thrown [s\src\hotspot\share\classfile\systemDictionary.cpp, line 256]
Event: 152.538 Thread 0x00000241bb488050 Exception <a 'java/lang/ClassNotFoundException'{0x00000000861e3460}: org/gradle/api/internal/project/DefaultProjectCustomizer> (0x00000000861e3460) 
thrown [s\src\hotspot\share\classfile\systemDictionary.cpp, line 256]
Event: 152.583 Thread 0x00000241bb488050 Exception <a 'java/lang/ClassNotFoundException'{0x000000008608bf28}: org/gradle/api/internal/project/DefaultProject_DecoratedCustomizer> (0x000000008608bf28) 
thrown [s\src\hotspot\share\classfile\systemDictionary.cpp, line 256]
Event: 156.173 Thread 0x00000241bb488050 Exception <a 'java/lang/NoSuchMethodError'{0x0000000086b24ee0}: 'long java.lang.invoke.DirectMethodHandle$Holder.invokeStatic(java.lang.Object, long)'> (0x0000000086b24ee0) 
thrown [s\src\hotspot\share\interpreter\linkResolver.cpp, line 771]
Event: 159.944 Thread 0x00000241bb488050 Exception <a 'java/lang/NoSuchMethodError'{0x0000000086570f90}: 'java.lang.Object java.lang.invoke.DelegatingMethodHandle$Holder.reinvoke_L(java.lang.Object, java.lang.Object, java.lang.Object, java.lang.Object, java.lang.Object, java.lang.Object, java.lang.Object, java.lang.Object, java.lang.Object, java.lang.Object, java.lang.Object, java.lang.Object, java.lang.Object, java.lang.Object, java.lang.Object, java.lang.Object, java.lang.Object, java.lang.Object, java.lang.Object, java.lang.Object, java.lang.O
Event: 159.994 Thread 0x00000241bb488050 Exception <a 'java/lang/NoSuchMethodError'{0x000000008657c768}: 'java.lang.Object java.lang.invoke.DirectMethodHandle$Holder.invokeSpecial(java.lang.Object, java.lang.Object, java.lang.Object, java.lang.Object, java.lang.Object, java.lang.Object, java.lang.Object, java.lang.Object, java.lang.Object, java.lang.Object, java.lang.Object, java.lang.Object, java.lang.Object, java.lang.Object, java.lang.Object, java.lang.Object, java.lang.Object, java.lang.Object, java.lang.Object, java.lang.Object, java.lang.Ob
Event: 159.995 Thread 0x00000241bb488050 Exception <a 'java/lang/NoSuchMethodError'{0x000000008658a360}: 'java.lang.Object java.lang.invoke.Invokers$Holder.invoker(java.lang.Object, java.lang.Object, java.lang.Object, java.lang.Object, java.lang.Object, java.lang.Object, java.lang.Object, java.lang.Object, java.lang.Object, java.lang.Object, java.lang.Object, java.lang.Object, java.lang.Object, java.lang.Object, java.lang.Object, java.lang.Object, java.lang.Object, java.lang.Object, java.lang.Object, java.lang.Object, java.lang.Object)'> (0x00000
Event: 160.037 Thread 0x00000241bb488050 Exception <a 'java/lang/NoSuchMethodError'{0x0000000086591148}: 'java.lang.Object java.lang.invoke.DelegatingMethodHandle$Holder.delegate(java.lang.Object, java.lang.Object, java.lang.Object, java.lang.Object, java.lang.Object, java.lang.Object, java.lang.Object, java.lang.Object, java.lang.Object, java.lang.Object, java.lang.Object, java.lang.Object, java.lang.Object, java.lang.Object, java.lang.Object, java.lang.Object, java.lang.Object, java.lang.Object, java.lang.Object, java.lang.Object, java.lang.Obj
Event: 167.619 Thread 0x00000241bb488050 Exception <a 'java/lang/NoSuchMethodError'{0x0000000085c3f3f8}: 'int java.lang.invoke.DirectMethodHandle$Holder.invokeSpecialIFC(java.lang.Object, java.lang.Object, java.lang.Object)'> (0x0000000085c3f3f8) 
thrown [s\src\hotspot\share\interpreter\linkResolver.cpp, line 771]
Event: 170.586 Thread 0x00000241bb488050 Exception <a 'java/lang/NoSuchMethodError'{0x00000000856d7d88}: 'java.lang.Object java.lang.invoke.DirectMethodHandle$Holder.newInvokeSpecial(java.lang.Object, java.lang.Object, java.lang.Object, java.lang.Object, java.lang.Object, int)'> (0x00000000856d7d88) 
thrown [s\src\hotspot\share\interpreter\linkResolver.cpp, line 771]
Event: 170.588 Thread 0x00000241bb488050 Exception <a 'java/lang/NoSuchMethodError'{0x00000000856dd398}: 'java.lang.Object java.lang.invoke.DirectMethodHandle$Holder.invokeSpecial(java.lang.Object, java.lang.Object, java.lang.Object, java.lang.Object, java.lang.Object, java.lang.Object, int)'> (0x00000000856dd398) 
thrown [s\src\hotspot\share\interpreter\linkResolver.cpp, line 771]
Event: 170.689 Thread 0x00000241bb488050 Exception <a 'java/lang/NoSuchMethodError'{0x000000008558cef0}: 'void java.lang.invoke.DirectMethodHandle$Holder.invokeStatic(java.lang.Object, java.lang.Object, java.lang.Object, int, java.lang.Object)'> (0x000000008558cef0) 
thrown [s\src\hotspot\share\interpreter\linkResolver.cpp, line 771]
Event: 178.872 Thread 0x00000241bb488050 Implicit null exception at 0x00000241a8f590ef to 0x00000241a8f59330
Event: 193.378 Thread 0x00000241bb488050 Implicit null exception at 0x00000241a8f01712 to 0x00000241a8f01db0
Event: 193.382 Thread 0x00000241bb488050 Implicit null exception at 0x00000241a8f55f14 to 0x00000241a8f5659c

VM Operations (20 events):
Event: 191.383 Executing VM operation: Cleanup done
Event: 192.387 Executing VM operation: Cleanup
Event: 192.388 Executing VM operation: Cleanup done
Event: 193.396 Executing VM operation: Cleanup
Event: 193.397 Executing VM operation: Cleanup done
Event: 193.664 Executing VM operation: G1TryInitiateConcMark
Event: 194.689 Executing VM operation: G1TryInitiateConcMark done
Event: 195.697 Executing VM operation: Cleanup
Event: 195.715 Executing VM operation: Cleanup done
Event: 196.636 Executing VM operation: G1Concurrent
Event: 197.198 Executing VM operation: G1Concurrent done
Event: 197.264 Executing VM operation: G1Concurrent
Event: 197.324 Executing VM operation: G1Concurrent done
Event: 197.528 Executing VM operation: G1CollectForAllocation
Event: 197.591 Executing VM operation: G1CollectForAllocation done
Event: 198.592 Executing VM operation: Cleanup
Event: 198.606 Executing VM operation: Cleanup done
Event: 198.629 Executing VM operation: G1CollectForAllocation
Event: 198.675 Executing VM operation: G1CollectForAllocation done
Event: 198.997 Executing VM operation: G1TryInitiateConcMark

Events (20 events):
Event: 157.585 loading class javax/net/ssl/TrustManager
Event: 157.585 loading class javax/net/ssl/TrustManager done
Event: 157.591 loading class javax/net/ssl/X509TrustManager
Event: 157.592 loading class javax/net/ssl/X509TrustManager done
Event: 157.619 loading class javax/net/ssl/SSLException
Event: 157.619 loading class javax/net/ssl/SSLException done
Event: 157.619 loading class javax/naming/NamingException
Event: 157.620 loading class javax/naming/NamingException done
Event: 157.620 loading class javax/naming/InvalidNameException
Event: 157.620 loading class javax/naming/InvalidNameException done
Event: 157.626 loading class javax/net/ssl/SSLPeerUnverifiedException
Event: 157.626 loading class javax/net/ssl/SSLPeerUnverifiedException done
Event: 157.628 loading class java/security/cert/CertificateParsingException
Event: 157.628 loading class java/security/cert/CertificateException
Event: 157.631 loading class java/security/cert/CertificateException done
Event: 157.632 loading class java/security/cert/CertificateParsingException done
Event: 159.232 loading class java/util/Collections$SingletonMap
Event: 159.233 loading class java/util/Collections$SingletonMap done
Event: 159.628 Thread 0x00000241bbb44000 Thread added: 0x00000241bbb44000
Event: 179.225 Thread 0x00000241bbb40fe0 Thread added: 0x00000241bbb40fe0


Dynamic libraries:
0x00007ff77dc10000 - 0x00007ff77dc1a000 	C:\Program Files\Android\Android Studio\jbr\bin\java.exe
0x00007ff843050000 - 0x00007ff843248000 	C:\Windows\SYSTEM32\ntdll.dll
0x00007ff841e30000 - 0x00007ff841eed000 	C:\Windows\System32\KERNEL32.DLL
0x00007ff840a00000 - 0x00007ff840cf6000 	C:\Windows\System32\KERNELBASE.dll
0x00007ff83ae40000 - 0x00007ff83ae5b000 	C:\Program Files\Android\Android Studio\jbr\bin\VCRUNTIME140.dll
0x00007ff835b60000 - 0x00007ff835b77000 	C:\Program Files\Android\Android Studio\jbr\bin\jli.dll
0x00007ff841ef0000 - 0x00007ff84208e000 	C:\Windows\System32\USER32.dll
0x00007ff840eb0000 - 0x00007ff840ed2000 	C:\Windows\System32\win32u.dll
0x00007ff842a80000 - 0x00007ff842aac000 	C:\Windows\System32\GDI32.dll
0x00007ff8408e0000 - 0x00007ff8409fa000 	C:\Windows\System32\gdi32full.dll
0x00007ff840dc0000 - 0x00007ff840e5d000 	C:\Windows\System32\msvcp_win.dll
0x00007ff8407e0000 - 0x00007ff8408e0000 	C:\Windows\System32\ucrtbase.dll
0x00007ff833d90000 - 0x00007ff83402a000 	C:\Windows\WinSxS\amd64_microsoft.windows.common-controls_6595b64144ccf1df_6.0.19041.3636_none_60b6a03d71f818d5\COMCTL32.dll
0x00007ff841a40000 - 0x00007ff841ade000 	C:\Windows\System32\msvcrt.dll
0x00007ff842510000 - 0x00007ff842540000 	C:\Windows\System32\IMM32.DLL
0x00007ff839620000 - 0x00007ff83962c000 	C:\Program Files\Android\Android Studio\jbr\bin\vcruntime140_1.dll
0x00007ff820e90000 - 0x00007ff820f1d000 	C:\Program Files\Android\Android Studio\jbr\bin\msvcp140.dll
0x00007ff8187e0000 - 0x00007ff819460000 	C:\Program Files\Android\Android Studio\jbr\bin\server\jvm.dll
0x00007ff841af0000 - 0x00007ff841b9f000 	C:\Windows\System32\ADVAPI32.dll
0x00007ff842090000 - 0x00007ff84212c000 	C:\Windows\System32\sechost.dll
0x00007ff841c10000 - 0x00007ff841d36000 	C:\Windows\System32\RPCRT4.dll
0x00007ff83c490000 - 0x00007ff83c499000 	C:\Windows\SYSTEM32\WSOCK32.dll
0x00007ff842b80000 - 0x00007ff842beb000 	C:\Windows\System32\WS2_32.dll
0x00007ff833b00000 - 0x00007ff833b27000 	C:\Windows\SYSTEM32\WINMM.dll
0x00007ff8340f0000 - 0x00007ff8340fa000 	C:\Windows\SYSTEM32\VERSION.dll
0x00007ff83e5f0000 - 0x00007ff83e602000 	C:\Windows\SYSTEM32\kernel.appcore.dll
0x00007ff83b6b0000 - 0x00007ff83b6ba000 	C:\Program Files\Android\Android Studio\jbr\bin\jimage.dll
0x00007ff831c80000 - 0x00007ff831e64000 	C:\Windows\SYSTEM32\DBGHELP.DLL
0x00007ff831c20000 - 0x00007ff831c54000 	C:\Windows\SYSTEM32\dbgcore.DLL
0x00007ff840d30000 - 0x00007ff840db2000 	C:\Windows\System32\bcryptPrimitives.dll
0x00007ff839610000 - 0x00007ff83961e000 	C:\Program Files\Android\Android Studio\jbr\bin\instrument.dll
0x00007ff83b560000 - 0x00007ff83b585000 	C:\Program Files\Android\Android Studio\jbr\bin\java.dll
0x00007ff83b690000 - 0x00007ff83b6a8000 	C:\Program Files\Android\Android Studio\jbr\bin\zip.dll
0x00007ff8410b0000 - 0x00007ff8417f5000 	C:\Windows\System32\SHELL32.dll
0x00007ff83e7f0000 - 0x00007ff83ef8b000 	C:\Windows\SYSTEM32\windows.storage.dll
0x00007ff8421b0000 - 0x00007ff842504000 	C:\Windows\System32\combase.dll
0x00007ff8400a0000 - 0x00007ff8400cd000 	C:\Windows\SYSTEM32\Wldp.dll
0x00007ff842f60000 - 0x00007ff84300d000 	C:\Windows\System32\SHCORE.dll
0x00007ff841920000 - 0x00007ff841975000 	C:\Windows\System32\shlwapi.dll
0x00007ff840660000 - 0x00007ff840685000 	C:\Windows\SYSTEM32\profapi.dll
0x00007ff83ac40000 - 0x00007ff83ac59000 	C:\Program Files\Android\Android Studio\jbr\bin\net.dll
0x00007ff8386c0000 - 0x00007ff8387ca000 	C:\Windows\SYSTEM32\WINHTTP.dll
0x00007ff83fe00000 - 0x00007ff83fe6a000 	C:\Windows\system32\mswsock.dll
0x00007ff8391e0000 - 0x00007ff8391f6000 	C:\Program Files\Android\Android Studio\jbr\bin\nio.dll
0x00007ff83b420000 - 0x00007ff83b430000 	C:\Program Files\Android\Android Studio\jbr\bin\verify.dll
0x00007ff832bf0000 - 0x00007ff832c17000 	C:\Program Files\Android\gradle-8.2\native\68d5fa5c4cc2d200863cafc0d521ce42e7d3e7ee720ec0a83991735586a16f82\windows-amd64\native-platform.dll
0x00007ff81f120000 - 0x00007ff81f264000 	C:\Program Files\Android\gradle-8.2\native\e376f236ea51e6404a007f0833ffe2c6e607c4080706a723a18a27aeea778392\windows-amd64\native-platform-file-events.dll
0x00007ff83ad70000 - 0x00007ff83ad79000 	C:\Program Files\Android\Android Studio\jbr\bin\management.dll
0x00007ff83ac30000 - 0x00007ff83ac3b000 	C:\Program Files\Android\Android Studio\jbr\bin\management_ext.dll
0x00007ff841c00000 - 0x00007ff841c08000 	C:\Windows\System32\PSAPI.DLL
0x00007ff83fff0000 - 0x00007ff840008000 	C:\Windows\SYSTEM32\CRYPTSP.dll
0x00007ff83f730000 - 0x00007ff83f764000 	C:\Windows\system32\rsaenh.dll
0x00007ff840d00000 - 0x00007ff840d27000 	C:\Windows\System32\bcrypt.dll
0x00007ff8405e0000 - 0x00007ff84060e000 	C:\Windows\SYSTEM32\USERENV.dll
0x00007ff840010000 - 0x00007ff84001c000 	C:\Windows\SYSTEM32\CRYPTBASE.dll
0x00007ff83faf0000 - 0x00007ff83fb2b000 	C:\Windows\SYSTEM32\IPHLPAPI.DLL
0x00007ff841d40000 - 0x00007ff841d48000 	C:\Windows\System32\NSI.dll
0x00007ff838ec0000 - 0x00007ff838ed7000 	C:\Windows\SYSTEM32\dhcpcsvc6.DLL
0x00007ff839f40000 - 0x00007ff839f5d000 	C:\Windows\SYSTEM32\dhcpcsvc.DLL
0x00007ff83fb30000 - 0x00007ff83fbfa000 	C:\Windows\SYSTEM32\DNSAPI.dll
0x00007ff83b550000 - 0x00007ff83b557000 	C:\Windows\system32\wshunix.dll

dbghelp: loaded successfully - version: 4.0.5 - missing functions: none
symbol engine: initialized successfully - sym options: 0x614 - pdb path: .;C:\Program Files\Android\Android Studio\jbr\bin;C:\Windows\SYSTEM32;C:\Windows\WinSxS\amd64_microsoft.windows.common-controls_6595b64144ccf1df_6.0.19041.3636_none_60b6a03d71f818d5;C:\Program Files\Android\Android Studio\jbr\bin\server;C:\Program Files\Android\gradle-8.2\native\68d5fa5c4cc2d200863cafc0d521ce42e7d3e7ee720ec0a83991735586a16f82\windows-amd64;C:\Program Files\Android\gradle-8.2\native\e376f236ea51e6404a007f0833ffe2c6e607c4080706a723a18a27aeea778392\windows-amd64

VM Arguments:
jvm_args: --add-opens=java.base/java.util=ALL-UNNAMED --add-opens=java.base/java.lang=ALL-UNNAMED --add-opens=java.base/java.lang.invoke=ALL-UNNAMED --add-opens=java.prefs/java.util.prefs=ALL-UNNAMED --add-opens=java.base/java.nio.charset=ALL-UNNAMED --add-opens=java.base/java.net=ALL-UNNAMED --add-opens=java.base/java.util.concurrent.atomic=ALL-UNNAMED -Xmx2048m -Dfile.encoding=UTF-8 -Duser.country=PH -Duser.language=en -Duser.variant -javaagent:C:\Program Files\Android\gradle-8.2\wrapper\dists\gradle-8.2-bin\bbg7u40eoinfdyxsxr3z4i7ta\gradle-8.2\lib\agents\gradle-instrumentation-agent-8.2.jar 
java_command: org.gradle.launcher.daemon.bootstrap.GradleDaemon 8.2
java_class_path (initial): C:\Program Files\Android\gradle-8.2\wrapper\dists\gradle-8.2-bin\bbg7u40eoinfdyxsxr3z4i7ta\gradle-8.2\lib\gradle-launcher-8.2.jar
Launcher Type: SUN_STANDARD

[Global flags]
     intx CICompilerCount                          = 2                                         {product} {ergonomic}
     uint ConcGCThreads                            = 1                                         {product} {ergonomic}
     uint G1ConcRefinementThreads                  = 2                                         {product} {ergonomic}
   size_t G1HeapRegionSize                         = 1048576                                   {product} {ergonomic}
    uintx GCDrainStackTargetSize                   = 64                                        {product} {ergonomic}
   size_t InitialHeapSize                          = 33554432                                  {product} {ergonomic}
   size_t MarkStackSize                            = 4194304                                   {product} {ergonomic}
   size_t MaxHeapSize                              = 2147483648                                {product} {command line}
   size_t MaxNewSize                               = 1287651328                                {product} {ergonomic}
   size_t MinHeapDeltaBytes                        = 1048576                                   {product} {ergonomic}
   size_t MinHeapSize                              = 8388608                                   {product} {ergonomic}
    uintx NonNMethodCodeHeapSize                   = 5826188                                {pd product} {ergonomic}
    uintx NonProfiledCodeHeapSize                  = 122916026                              {pd product} {ergonomic}
    uintx ProfiledCodeHeapSize                     = 122916026                              {pd product} {ergonomic}
    uintx ReservedCodeCacheSize                    = 251658240                              {pd product} {ergonomic}
     bool SegmentedCodeCache                       = true                                      {product} {ergonomic}
   size_t SoftMaxHeapSize                          = 2147483648                             {manageable} {ergonomic}
     bool UseCompressedClassPointers               = true                           {product lp64_product} {ergonomic}
     bool UseCompressedOops                        = true                           {product lp64_product} {ergonomic}
     bool UseG1GC                                  = true                                      {product} {ergonomic}
     bool UseLargePagesIndividualAllocation        = false                                  {pd product} {ergonomic}

Logging:
Log output configuration:
 #0: stdout all=warning uptime,level,tags
 #1: stderr all=off uptime,level,tags

Environment Variables:
PATH=C:\Python312\Scripts\;C:\Python312\;C:\Program Files (x86)\Common Files\Oracle\Java\javapath;C:\Windows\system32;C:\Windows;C:\Windows\System32\Wbem;C:\Windows\System32\WindowsPowerShell\v1.0\;C:\Windows\System32\OpenSSH\;C:\Program Files\nodejs\;C:\ProgramData\chocolatey\bin;C:\Program Files\MySQL\MySQL Shell 8.0\bin\;C:\Users\HP\AppData\Local\Microsoft\WindowsApps;C:\Users\HP\AppData\Roaming\npm
USERNAME=HP
OS=Windows_NT
PROCESSOR_IDENTIFIER=Intel64 Family 6 Model 42 Stepping 7, GenuineIntel
TMP=C:\Users\HP\AppData\Local\Temp
TEMP=C:\Users\HP\AppData\Local\Temp


JNI global refs:
JNI global refs: 24, weak refs: 0

JNI global refs memory usage: 843, weak refs: 209

OOME stack traces (most recent first):
Classloader memory used:
Loader org.gradle.internal.classloader.VisitableURLClassLoader                         : 3461K
Loader bootstrap                                                                       : 2484K
Loader org.gradle.initialization.MixInLegacyTypesClassLoader                           : 982K
Loader org.gradle.internal.classloader.VisitableURLClassLoader$InstrumentingVisitableURLClassLoader: 131K
Loader org.gradle.internal.classloader.VisitableURLClassLoader                         : 72416B
Loader jdk.internal.loader.ClassLoaders$PlatformClassLoader                            : 68121B
Loader jdk.internal.loader.ClassLoaders$AppClassLoader                                 : 28448B
Loader jdk.internal.reflect.DelegatingClassLoader                                      : 27132B
Loader org.gradle.groovy.scripts.internal.DefaultScriptCompilationHandler$ScriptClassLoader: 11564B
Loader org.codehaus.groovy.runtime.callsite.CallSiteClassLoader                        : 6724B

Classes loaded by more than one classloader:
Class Program                                                                         : loaded 4 times (x 72B)
Class org.gradle.internal.Cast                                                        : loaded 3 times (x 69B)
Class org.gradle.api.GradleException                                                  : loaded 3 times (x 80B)
Class com.google.common.collect.SingletonImmutableList                                : loaded 2 times (x 167B)
Class org.gradle.internal.classpath.ClassPath                                         : loaded 2 times (x 68B)
Class org.gradle.api.internal.classpath.DefaultModuleRegistry                         : loaded 2 times (x 84B)
Class Settings_gradle$1$1                                                             : loaded 2 times (x 72B)
Class com.google.common.base.CharMatcher$JavaDigit                                    : loaded 2 times (x 109B)
Class com.google.common.base.CharMatcher$Digit                                        : loaded 2 times (x 110B)
Class com.intellij.openapi.externalSystem.model.ExternalSystemException               : loaded 2 times (x 84B)
Class org.gradle.api.Action                                                           : loaded 2 times (x 68B)
Class org.jetbrains.kotlin.idea.gradleTooling.model.samWithReceiver.SamWithReceiverModel: loaded 2 times (x 68B)
Class com.google.common.collect.Lists$StringAsImmutableList                           : loaded 2 times (x 167B)
Class org.jetbrains.plugins.gradle.model.ExternalProject                              : loaded 2 times (x 68B)
Class org.jetbrains.plugins.gradle.model.IntelliJSettings                             : loaded 2 times (x 68B)
Class com.google.common.base.CharMatcher                                              : loaded 2 times (x 109B)
Class com.google.common.base.CharMatcher$IsNot                                        : loaded 2 times (x 109B)
Class com.google.common.base.Splitter                                                 : loaded 2 times (x 70B)
Class org.jetbrains.kotlin.idea.gradleTooling.KotlinMPPGradleModel                    : loaded 2 times (x 68B)
Class org.gradle.api.internal.DefaultClassPathProvider                                : loaded 2 times (x 74B)
Class org.gradle.internal.installation.GradleInstallation$1                           : loaded 2 times (x 73B)
Class com.google.common.base.CharMatcher$BitSetMatcher                                : loaded 2 times (x 110B)
Class org.gradle.internal.exceptions.DefaultMultiCauseException                       : loaded 2 times (x 85B)
Class org.gradle.tooling.model.UnsupportedMethodException                             : loaded 2 times (x 80B)
Class org.gradle.internal.time.MonotonicClock                                         : loaded 2 times (x 75B)
Class com.google.common.base.Predicate                                                : loaded 2 times (x 68B)
Class org.gradle.internal.classloader.FilteringClassLoader                            : loaded 2 times (x 102B)
Class org.gradle.tooling.model.Model                                                  : loaded 2 times (x 68B)
Class org.gradle.internal.classpath.DefaultClassPath$ImmutableUniqueList$Builder      : loaded 2 times (x 73B)
Class com.google.common.base.CharMatcher$InRange                                      : loaded 2 times (x 109B)
Class org.jetbrains.kotlin.idea.gradleTooling.KotlinSourceSetContainer                : loaded 2 times (x 68B)
Class com.google.common.collect.Lists                                                 : loaded 2 times (x 69B)
Class org.gradle.internal.classloader.ClassLoaderVisitor                              : loaded 2 times (x 74B)
Class org.gradle.internal.time.DefaultCountdownTimer                                  : loaded 2 times (x 86B)
Class org.gradle.internal.service.DefaultServiceLocator                               : loaded 2 times (x 81B)
Class org.gradle.internal.service.UnknownServiceException                             : loaded 2 times (x 81B)
Class org.jetbrains.plugins.gradle.model.DependencyAccessorsModel                     : loaded 2 times (x 68B)
Class org.gradle.internal.classloader.DefaultClassLoaderFactory                       : loaded 2 times (x 80B)
Class com.google.common.collect.UnmodifiableIterator                                  : loaded 2 times (x 78B)
Class com.google.common.base.CharMatcher$SingleWidth                                  : loaded 2 times (x 110B)
Class org.jetbrains.plugins.gradle.model.GradleExtensions                             : loaded 2 times (x 68B)
Class com.google.common.base.JdkPattern                                               : loaded 2 times (x 73B)
Class org.jetbrains.plugins.gradle.model.VersionCatalogsModel                         : loaded 2 times (x 68B)
Class org.gradle.internal.classloader.VisitableURLClassLoader$Spec                    : loaded 2 times (x 72B)
Class org.gradle.tooling.model.ProjectModel                                           : loaded 2 times (x 68B)
Class org.jetbrains.plugins.gradle.model.MavenRepositoryModel                         : loaded 2 times (x 68B)
Class com.google.common.base.CharMatcher$JavaLetterOrDigit                            : loaded 2 times (x 109B)
Class org.gradle.tooling.internal.gradle.DefaultProjectIdentifier                     : loaded 2 times (x 84B)
Class org.gradle.api.internal.classpath.ModuleRegistry                                : loaded 2 times (x 68B)
Class com.google.common.collect.ImmutableCollection                                   : loaded 2 times (x 123B)
Class org.jetbrains.plugins.gradle.model.RepositoriesModel                            : loaded 2 times (x 68B)
Class kotlin.jvm.internal.markers.KMappedMarker                                       : loaded 2 times (x 68B)
Class org.gradle.api.internal.ClassPathProvider                                       : loaded 2 times (x 68B)
Class org.gradle.util.GradleVersion                                                   : loaded 2 times (x 81B)
Class com.google.common.collect.ImmutableList$ReverseImmutableList                    : loaded 2 times (x 168B)
Class org.gradle.internal.classloader.ClassLoaderFactory                              : loaded 2 times (x 68B)
Class com.google.common.collect.ObjectArrays                                          : loaded 2 times (x 69B)
Class com.google.common.collect.ImmutableList                                         : loaded 2 times (x 166B)
Class org.gradle.api.internal.classpath.ManifestUtil                                  : loaded 2 times (x 69B)
Class org.gradle.api.specs.Spec                                                       : loaded 2 times (x 68B)
Class com.google.common.base.CharMatcher$Whitespace                                   : loaded 2 times (x 110B)
Class org.gradle.tooling.internal.gradle.GradleBuildIdentity                          : loaded 2 times (x 68B)
Class com.google.common.base.Preconditions                                            : loaded 2 times (x 69B)
Class ijinit_aa1xjgle5wfhynyd322nbkvxu                                                : loaded 2 times (x 177B)
Class org.gradle.internal.IoActions                                                   : loaded 2 times (x 69B)
Class com.google.common.collect.CollectPreconditions                                  : loaded 2 times (x 69B)
Class com.google.common.collect.AbstractIndexedListIterator                           : loaded 2 times (x 94B)
Class com.google.common.base.CharMatcher$None                                         : loaded 2 times (x 110B)
Class org.gradle.api.internal.classpath.EffectiveClassPath                            : loaded 2 times (x 88B)
Class com.google.common.collect.UnmodifiableListIterator                              : loaded 2 times (x 93B)
Class kotlin.jvm.internal.DefaultConstructorMarker                                    : loaded 2 times (x 69B)
Class com.google.common.collect.ImmutableList$1                                       : loaded 2 times (x 95B)
Class com.google.common.base.Splitter$Strategy                                        : loaded 2 times (x 68B)
Class org.jetbrains.kotlin.idea.gradleTooling.model.annotation.AnnotationBasedPluginModel: loaded 2 times (x 68B)
Class org.jetbrains.kotlin.idea.gradleTooling.model.assignment.AssignmentModel        : loaded 2 times (x 68B)
Class org.gradle.internal.installation.CurrentGradleInstallation                      : loaded 2 times (x 71B)
Class org.gradle.internal.agents.InstrumentingClassLoader                             : loaded 2 times (x 68B)
Class org.gradle.internal.installation.CurrentGradleInstallationLocator               : loaded 2 times (x 69B)
Class org.gradle.api.internal.classpath.Module                                        : loaded 2 times (x 68B)
Class com.google.common.base.Splitter$1$1                                             : loaded 2 times (x 84B)
Class org.gradle.internal.service.CachingServiceLocator                               : loaded 2 times (x 80B)
Class org.gradle.internal.time.Timer                                                  : loaded 2 times (x 68B)
Class org.jetbrains.plugins.gradle.model.tests.ExternalTestsModel                     : loaded 2 times (x 68B)
Class org.jetbrains.kotlin.idea.gradleTooling.KotlinDslScriptAdditionalTask           : loaded 2 times (x 68B)
Class org.gradle.internal.classpath.DefaultClassPath                                  : loaded 2 times (x 88B)
Class com.google.common.base.Splitter$SplittingIterator                               : loaded 2 times (x 82B)
Class com.intellij.openapi.externalSystem.model.project.dependencies.ProjectDependencies: loaded 2 times (x 68B)
Class org.jetbrains.kotlin.idea.gradleTooling.PrepareKotlinIdeImportTaskModel         : loaded 2 times (x 68B)
Class org.gradle.internal.impldep.com.google.common.base.Preconditions                : loaded 2 times (x 69B)
Class kotlin.jvm.functions.Function1                                                  : loaded 2 times (x 68B)
Class com.google.common.base.CharMatcher$Is                                           : loaded 2 times (x 109B)
Class com.google.common.collect.RegularImmutableAsList                                : loaded 2 times (x 176B)
Class org.gradle.internal.time.Time                                                   : loaded 2 times (x 69B)
Class org.gradle.internal.time.TimeSource$1                                           : loaded 2 times (x 75B)
Class org.gradle.internal.classloader.SystemClassLoaderSpec                           : loaded 2 times (x 69B)
Class [Lcom.google.common.base.AbstractIterator$State;                                : loaded 2 times (x 67B)
Class sync_studio_tooling14528_8xcgfvf34ggdjfo6alfo0uk4r                              : loaded 2 times (x 177B)
Class com.google.common.base.AbstractIterator                                         : loaded 2 times (x 78B)
Class com.google.common.base.AbstractIterator$1                                       : loaded 2 times (x 69B)
Class kotlin.Function                                                                 : loaded 2 times (x 68B)
Class com.google.common.base.CharMatcher$1                                            : loaded 2 times (x 111B)
Class com.google.common.base.CharMatcher$Ascii                                        : loaded 2 times (x 110B)
Class org.gradle.api.UncheckedIOException                                             : loaded 2 times (x 80B)
Class com.google.common.base.CharMatcher$And                                          : loaded 2 times (x 110B)
Class com.google.common.base.CharMatcher$Any                                          : loaded 2 times (x 110B)
Class org.gradle.internal.classloader.ClasspathUtil$1                                 : loaded 2 times (x 74B)
Class com.google.common.base.CharMatcher$RangesMatcher                                : loaded 2 times (x 110B)
Class org.gradle.tooling.internal.gradle.GradleProjectIdentity                        : loaded 2 times (x 68B)
Class com.google.common.collect.ImmutableList$SubList                                 : loaded 2 times (x 168B)
Class org.gradle.internal.time.CountdownTimer                                         : loaded 2 times (x 68B)
Class org.gradle.internal.time.Clock                                                  : loaded 2 times (x 68B)
Class org.gradle.internal.classloader.ClasspathUtil                                   : loaded 2 times (x 69B)
Class org.gradle.tooling.model.BuildIdentifier                                        : loaded 2 times (x 68B)
Class com.google.common.base.Splitter$1                                               : loaded 2 times (x 75B)
Class org.gradle.api.internal.DefaultClassPathRegistry                                : loaded 2 times (x 74B)
Class org.gradle.api.internal.classpath.DefaultModuleRegistry$DefaultModule           : loaded 2 times (x 84B)
Class com.google.common.base.CharMatcher$JavaIsoControl                               : loaded 2 times (x 110B)
Class com.google.common.base.CharMatcher$Or                                           : loaded 2 times (x 110B)
Class org.gradle.internal.time.TimeSource                                             : loaded 2 times (x 68B)
Class org.jetbrains.kotlin.android.synthetic.idea.AndroidExtensionsGradleModel        : loaded 2 times (x 68B)
Class com.google.common.base.CharMatcher$JavaLowerCase                                : loaded 2 times (x 109B)
Class org.gradle.api.internal.classpath.UnknownModuleException                        : loaded 2 times (x 80B)
Class com.google.common.base.CommonPattern                                            : loaded 2 times (x 72B)
Class org.jetbrains.plugins.gradle.model.IntelliJProjectSettings                      : loaded 2 times (x 68B)
Class org.gradle.internal.service.ServiceLookupException                              : loaded 2 times (x 80B)
Class sync_studio_tooling14528_8xcgfvf34ggdjfo6alfo0uk4r$_run_closure1                : loaded 2 times (x 134B)
Class org.gradle.cache.GlobalCache                                                    : loaded 2 times (x 68B)
Class org.jetbrains.kotlin.idea.gradleTooling.model.lombok.LombokModel                : loaded 2 times (x 68B)
Class org.gradle.tooling.model.ProjectIdentifier                                      : loaded 2 times (x 68B)
Class com.google.common.base.CharMatcher$NegatedFastMatcher                           : loaded 2 times (x 111B)
Class [Lorg.gradle.api.internal.ClassPathProvider;                                    : loaded 2 times (x 67B)
Class org.gradle.internal.operations.MultipleBuildOperationFailures                   : loaded 2 times (x 85B)
Class org.gradle.util.internal.GUtil                                                  : loaded 2 times (x 69B)
Class org.jetbrains.plugins.gradle.model.AnnotationProcessingModel                    : loaded 2 times (x 68B)
Class org.gradle.internal.classloader.ClassLoaderSpec                                 : loaded 2 times (x 69B)
Class com.google.common.base.NullnessCasts                                            : loaded 2 times (x 69B)
Class com.google.common.base.CharMatcher$Negated                                      : loaded 2 times (x 111B)
Class org.jetbrains.plugins.gradle.model.BuildScriptClasspathModel                    : loaded 2 times (x 68B)
Class com.google.common.base.CharMatcher$ForPredicate                                 : loaded 2 times (x 110B)
Class org.gradle.internal.classloader.VisitableURLClassLoader                         : loaded 2 times (x 114B)
Class org.gradle.internal.installation.GradleInstallation                             : loaded 2 times (x 73B)
Class org.gradle.api.internal.ClassPathRegistry                                       : loaded 2 times (x 68B)
Class org.gradle.internal.classloader.VisitableURLClassLoader$InstrumentingVisitableURLClassLoader: loaded 2 times (x 120B)
Class org.gradle.internal.classloader.ClassLoaderHierarchy                            : loaded 2 times (x 68B)
Class org.gradle.internal.exceptions.MultiCauseException                              : loaded 2 times (x 68B)
Class org.jetbrains.kotlin.idea.gradleTooling.model.parcelize.ParcelizeGradleModel    : loaded 2 times (x 68B)
Class com.google.common.base.AbstractIterator$State                                   : loaded 2 times (x 77B)
Class com.google.common.base.CharMatcher$NamedFastMatcher                             : loaded 2 times (x 110B)
Class org.gradle.internal.InternalTransformer                                         : loaded 2 times (x 68B)
Class org.jetbrains.kotlin.idea.gradleTooling.model.noarg.NoArgModel                  : loaded 2 times (x 68B)
Class org.jetbrains.kotlin.idea.gradleTooling.KotlinGradleModel                       : loaded 2 times (x 68B)
Class org.gradle.tooling.internal.gradle.DefaultBuildIdentifier                       : loaded 2 times (x 77B)
Class org.gradle.internal.service.ServiceLocator                                      : loaded 2 times (x 68B)
Class Settings_gradle$1                                                               : loaded 2 times (x 72B)
Class org.jetbrains.kotlin.idea.gradleTooling.model.allopen.AllOpenModel              : loaded 2 times (x 68B)
Class com.google.common.base.CharMatcher$Invisible                                    : loaded 2 times (x 110B)
Class com.google.common.base.CharMatcher$FastMatcher                                  : loaded 2 times (x 109B)
Class org.gradle.internal.classpath.DefaultClassPath$ImmutableUniqueList              : loaded 2 times (x 159B)
Class org.gradle.internal.time.DefaultTimer                                           : loaded 2 times (x 78B)
Class com.google.common.base.CharMatcher$JavaLetter                                   : loaded 2 times (x 109B)
Class org.gradle.internal.classpath.TransformedClassPath                              : loaded 2 times (x 94B)
Class Settings_gradle                                                                 : loaded 2 times (x 126B)
Class com.google.common.collect.ImmutableAsList                                       : loaded 2 times (x 169B)
Class com.google.common.base.CharMatcher$AnyOf                                        : loaded 2 times (x 110B)
Class com.google.common.base.CharMatcher$IsEither                                     : loaded 2 times (x 109B)
Class com.google.common.collect.RegularImmutableList                                  : loaded 2 times (x 172B)
Class com.google.common.base.CharMatcher$JavaUpperCase                                : loaded 2 times (x 109B)


---------------  S Y S T E M  ---------------

OS:
 Windows 10 , 64 bit Build 19041 (10.0.19041.3636)
OS uptime: 0 days 4:59 hours

CPU: total 2 (initial active 2) (2 cores per cpu, 1 threads per core) family 6 model 42 stepping 7 microcode 0x2f, cx8, cmov, fxsr, mmx, sse, sse2, sse3, ssse3, sse4.1, sse4.2, popcnt, tsc, tscinvbit, clmul, clflush

Memory: 4k page, system-wide physical 1952M (157M free)
TotalPageFile size 7840M (AvailPageFile size 54M)
current process WorkingSet (physical memory assigned to process): 125M, peak: 141M
current process commit charge ("private bytes"): 301M, peak: 396M

vm_info: OpenJDK 64-Bit Server VM (17.0.7+0-b2043.56-10550314) for windows-amd64 JRE (17.0.7+0-b2043.56-10550314), built on Jul 24 2023 18:27:45 by "androidbuild" with MS VC++ 16.10 / 16.11 (VS2019)

END.
